  Assembling main.asm...
main.asm(6): error A2008: syntax error : .
main.asm(7): error A2008: syntax error : .
main.asm(8): error A2008: syntax error : .
c:\Irvine\SmallWin.inc(10): error A2008: syntax error : .
c:\Irvine\SmallWin.inc(11): error A2008: syntax error : .
c:\Irvine\SmallWin.inc(12): error A2008: syntax error : .
c:\Irvine\SmallWin.inc(299): error A2008: syntax error : ,
c:\Irvine\SmallWin.inc(302): error A2008: syntax error : ,
c:\Irvine\SmallWin.inc(311): error A2008: syntax error : ,
c:\Irvine\SmallWin.inc(314): error A2008: syntax error : ,
c:\Irvine\SmallWin.inc(318): error A2008: syntax error : ,
c:\Irvine\SmallWin.inc(323): error A2008: syntax error : ,
c:\Irvine\SmallWin.inc(332): error A2008: syntax error : ,
c:\Irvine\SmallWin.inc(339): error A2008: syntax error : ,
c:\Irvine\SmallWin.inc(343): error A2008: syntax error : ,
c:\Irvine\SmallWin.inc(347): error A2008: syntax error : ,
c:\Irvine\SmallWin.inc(351): error A2008: syntax error : ,
c:\Irvine\SmallWin.inc(357): error A2008: syntax error : ,
c:\Irvine\SmallWin.inc(362): error A2008: syntax error : ,
c:\Irvine\SmallWin.inc(365): error A2008: syntax error : ,
c:\Irvine\SmallWin.inc(369): error A2008: syntax error : ,
c:\Irvine\SmallWin.inc(372): error A2008: syntax error : ,
c:\Irvine\SmallWin.inc(380): error A2008: syntax error : ,
c:\Irvine\SmallWin.inc(385): error A2008: syntax error : ,
c:\Irvine\SmallWin.inc(390): error A2008: syntax error : ,
c:\Irvine\SmallWin.inc(393): error A2008: syntax error : ,
c:\Irvine\SmallWin.inc(398): error A2008: syntax error : ,
c:\Irvine\SmallWin.inc(403): error A2008: syntax error : ,
c:\Irvine\SmallWin.inc(406): error A2008: syntax error : ,
c:\Irvine\SmallWin.inc(412): error A2008: syntax error : ,
c:\Irvine\SmallWin.inc(418): error A2008: syntax error : ,
c:\Irvine\SmallWin.inc(421): error A2008: syntax error : ,
c:\Irvine\SmallWin.inc(428): error A2008: syntax error : ,
c:\Irvine\SmallWin.inc(434): error A2008: syntax error : ,
c:\Irvine\SmallWin.inc(441): error A2008: syntax error : ,
c:\Irvine\SmallWin.inc(444): error A2008: syntax error : ,
c:\Irvine\SmallWin.inc(448): error A2008: syntax error : ,
c:\Irvine\SmallWin.inc(452): error A2008: syntax error : ,
c:\Irvine\SmallWin.inc(456): error A2008: syntax error : ,
c:\Irvine\SmallWin.inc(460): error A2008: syntax error : ,
c:\Irvine\SmallWin.inc(464): error A2008: syntax error : ,
c:\Irvine\SmallWin.inc(467): error A2008: syntax error : ,
c:\Irvine\SmallWin.inc(472): error A2008: syntax error : ,
c:\Irvine\SmallWin.inc(478): error A2008: syntax error : ,
c:\Irvine\SmallWin.inc(481): error A2008: syntax error : ,
c:\Irvine\SmallWin.inc(484): error A2008: syntax error : ,
c:\Irvine\SmallWin.inc(488): error A2008: syntax error : ,
c:\Irvine\SmallWin.inc(495): error A2008: syntax error : ,
c:\Irvine\SmallWin.inc(502): error A2008: syntax error : ,
c:\Irvine\SmallWin.inc(509): error A2008: syntax error : ,
c:\Irvine\SmallWin.inc(516): error A2008: syntax error : near
c:\Irvine\Irvine32.inc(22): error A2008: syntax error : ,
c:\Irvine\Irvine32.inc(66): error A2008: syntax error : ,
c:\Irvine\Irvine32.inc(71): error A2008: syntax error : ,
c:\Irvine\Irvine32.inc(76): error A2008: syntax error : ,
c:\Irvine\Irvine32.inc(82): error A2008: syntax error : ,
c:\Irvine\Irvine32.inc(87): error A2008: syntax error : ,
c:\Irvine\Irvine32.inc(93): error A2008: syntax error : ,
c:\Irvine\Irvine32.inc(99): error A2008: syntax error : ,
c:\Irvine\SmallWin.inc(10): error A2008: syntax error : .
c:\Irvine\SmallWin.inc(11): error A2008: syntax error : .
c:\Irvine\SmallWin.inc(12): error A2008: syntax error : .
c:\Irvine\SmallWin.inc(245): error A2163: non-benign structure redefinition: incorrect initializers : CONSOLE_SCREEN_BUFFER_INFO
c:\Irvine\SmallWin.inc(246): error A2163: non-benign structure redefinition: incorrect initializers : CONSOLE_SCREEN_BUFFER_INFO
c:\Irvine\SmallWin.inc(248): error A2163: non-benign structure redefinition: incorrect initializers : CONSOLE_SCREEN_BUFFER_INFO
c:\Irvine\SmallWin.inc(249): error A2163: non-benign structure redefinition: incorrect initializers : CONSOLE_SCREEN_BUFFER_INFO
c:\Irvine\SmallWin.inc(258): error A2163: non-benign structure redefinition: incorrect initializers : KEY_EVENT_RECORD
c:\Irvine\SmallWin.inc(261): error A2163: non-benign structure redefinition: incorrect initializers : KEY_EVENT_RECORD
c:\Irvine\SmallWin.inc(262): error A2161: non-benign structure redefinition: too few labels : KEY_EVENT_RECORD
c:\Irvine\SmallWin.inc(262): error A2163: non-benign structure redefinition: incorrect initializers : KEY_EVENT_RECORD
c:\Irvine\SmallWin.inc(265): error A2163: non-benign structure redefinition: incorrect initializers : MOUSE_EVENT_RECORD
c:\Irvine\SmallWin.inc(272): error A2163: non-benign structure redefinition: incorrect initializers : WINDOW_BUFFER_SIZE_RECORD
c:\Irvine\SmallWin.inc(287): error A2163: non-benign structure redefinition: incorrect initializers : INPUT_RECORD
c:\Irvine\SmallWin.inc(288): error A2163: non-benign structure redefinition: incorrect initializers : INPUT_RECORD
c:\Irvine\SmallWin.inc(289): error A2163: non-benign structure redefinition: incorrect initializers : INPUT_RECORD
c:\Irvine\SmallWin.inc(290): error A2163: non-benign structure redefinition: incorrect initializers : INPUT_RECORD
c:\Irvine\SmallWin.inc(290): error A2164: non-benign structure redefinition: too few initializers : INPUT_RECORD
c:\Irvine\SmallWin.inc(291): error A2164: non-benign structure redefinition: too few initializers : INPUT_RECORD
c:\Irvine\SmallWin.inc(293): error A2161: non-benign structure redefinition: too few labels : INPUT_RECORD
c:\Irvine\SmallWin.inc(293): error A2164: non-benign structure redefinition: too few initializers : INPUT_RECORD
c:\Irvine\SmallWin.inc(299): error A2008: syntax error : ,
c:\Irvine\SmallWin.inc(302): error A2008: syntax error : ,
c:\Irvine\SmallWin.inc(311): error A2008: syntax error : ,
c:\Irvine\SmallWin.inc(314): error A2008: syntax error : ,
c:\Irvine\SmallWin.inc(318): error A2008: syntax error : ,
c:\Irvine\SmallWin.inc(323): error A2008: syntax error : ,
c:\Irvine\SmallWin.inc(332): error A2008: syntax error : ,
c:\Irvine\SmallWin.inc(339): error A2008: syntax error : ,
c:\Irvine\SmallWin.inc(343): error A2008: syntax error : ,
c:\Irvine\SmallWin.inc(347): error A2008: syntax error : ,
c:\Irvine\SmallWin.inc(351): error A2008: syntax error : ,
c:\Irvine\SmallWin.inc(357): error A2008: syntax error : ,
c:\Irvine\SmallWin.inc(362): error A2008: syntax error : ,
c:\Irvine\SmallWin.inc(365): error A2008: syntax error : ,
c:\Irvine\SmallWin.inc(369): error A2008: syntax error : ,
c:\Irvine\SmallWin.inc(372): error A2008: syntax error : ,
c:\Irvine\SmallWin.inc(380): error A2008: syntax error : ,
c:\Irvine\SmallWin.inc(385): error A2008: syntax error : ,
c:\Irvine\SmallWin.inc(390): error A2008: syntax error : ,
c:\Irvine\SmallWin.inc(393): error A2008: syntax error : ,
c:\Irvine\SmallWin.inc(398): fatal error A1012: error count exceeds 100; stopping assembly
C:\Program Files (x86)\Microsoft Visual Studio\2019\Professional\MSBuild\Microsoft\VC\v160\BuildCustomizations\masm.targets(70,5): error MSB3721: The command "ml64.exe /c /nologo /Zi /Fo"x64\Debug\main.obj" /W3 /errorReport:prompt  /Tamain.asm" exited with code 1.
